11 Mar 2025 16:28:38,052 INFO  CarsDBRepository 18 <init> - Initializing CarsDBRepository with properties: {} 
18 Mar 2025 16:32:57,012 INFO  CarsDBRepository 18 <init> - Initializing CarsDBRepository with properties: {} 
18 Mar 2025 16:32:57,018 TRACE CarsDBRepository 79 add - Enter saving task Id=0 Tesla Model S 2019
18 Mar 2025 16:32:57,018 TRACE JdbcUtils 46 getConnection - Enter
18 Mar 2025 16:32:57,018 TRACE JdbcUtils 23 getNewConnection - Enter
18 Mar 2025 16:32:57,019 INFO  JdbcUtils 28 getNewConnection - trying to connect to database ... null
18 Mar 2025 16:32:57,019 INFO  JdbcUtils 29 getNewConnection - user: null
18 Mar 2025 16:32:57,019 INFO  JdbcUtils 30 getNewConnection - pass: null
18 Mar 2025 16:32:57,020 ERROR JdbcUtils 39 getNewConnection - java.sql.SQLException: The url cannot be null
18 Mar 2025 16:32:57,020 TRACE JdbcUtils 55 getConnection - Exit
18 Mar 2025 16:33:22,973 INFO  CarsDBRepository 18 <init> - Initializing CarsDBRepository with properties: {} 
18 Mar 2025 16:33:22,979 TRACE CarsDBRepository 79 add - Enter saving task Id=0 Tesla Model S 2019
18 Mar 2025 16:33:22,979 TRACE JdbcUtils 46 getConnection - Enter
18 Mar 2025 16:33:22,980 TRACE JdbcUtils 23 getNewConnection - Enter
18 Mar 2025 16:33:22,980 INFO  JdbcUtils 28 getNewConnection - trying to connect to database ... null
18 Mar 2025 16:33:22,980 INFO  JdbcUtils 29 getNewConnection - user: null
18 Mar 2025 16:33:22,980 INFO  JdbcUtils 30 getNewConnection - pass: null
18 Mar 2025 16:33:22,980 ERROR JdbcUtils 39 getNewConnection - java.sql.SQLException: The url cannot be null
18 Mar 2025 16:33:22,981 TRACE JdbcUtils 55 getConnection - Exit
18 Mar 2025 16:34:49,609 INFO  CarsDBRepository 18 <init> - Initializing CarsDBRepository with properties: {} 
18 Mar 2025 16:34:49,614 TRACE CarsDBRepository 79 add - Enter saving task Id=0 Tesla Model S 2019
18 Mar 2025 16:34:49,614 TRACE JdbcUtils 46 getConnection - Enter
18 Mar 2025 16:34:49,614 TRACE JdbcUtils 23 getNewConnection - Enter
18 Mar 2025 16:34:49,614 INFO  JdbcUtils 28 getNewConnection - trying to connect to database ... null
18 Mar 2025 16:34:49,614 INFO  JdbcUtils 29 getNewConnection - user: null
18 Mar 2025 16:34:49,615 INFO  JdbcUtils 30 getNewConnection - pass: null
18 Mar 2025 16:34:49,615 ERROR JdbcUtils 39 getNewConnection - java.sql.SQLException: The url cannot be null
18 Mar 2025 16:34:49,616 TRACE JdbcUtils 55 getConnection - Exit
18 Mar 2025 16:38:46,179 INFO  CarsDBRepository 18 <init> - Initializing CarsDBRepository with properties: {} 
18 Mar 2025 16:38:46,184 TRACE CarsDBRepository 79 add - Enter saving task Id=0 Tesla Model S 2019
18 Mar 2025 16:38:46,184 TRACE JdbcUtils 46 getConnection - Enter
18 Mar 2025 16:38:46,184 TRACE JdbcUtils 23 getNewConnection - Enter
18 Mar 2025 16:38:46,184 INFO  JdbcUtils 28 getNewConnection - trying to connect to database ... null
18 Mar 2025 16:38:46,185 INFO  JdbcUtils 29 getNewConnection - user: null
18 Mar 2025 16:38:46,185 INFO  JdbcUtils 30 getNewConnection - pass: null
18 Mar 2025 16:38:46,185 ERROR JdbcUtils 39 getNewConnection - java.sql.SQLException: The url cannot be null
18 Mar 2025 16:38:46,186 TRACE JdbcUtils 55 getConnection - Exit
18 Mar 2025 16:39:03,513 INFO  CarsDBRepository 18 <init> - Initializing CarsDBRepository with properties: {} 
18 Mar 2025 16:39:03,519 TRACE CarsDBRepository 79 add - Enter saving task Id=0 Tesla Model S 2019
18 Mar 2025 16:39:03,519 TRACE JdbcUtils 46 getConnection - Enter
18 Mar 2025 16:39:03,519 TRACE JdbcUtils 23 getNewConnection - Enter
18 Mar 2025 16:39:03,519 INFO  JdbcUtils 28 getNewConnection - trying to connect to database ... null
18 Mar 2025 16:39:03,519 INFO  JdbcUtils 29 getNewConnection - user: null
18 Mar 2025 16:39:03,519 INFO  JdbcUtils 30 getNewConnection - pass: null
18 Mar 2025 16:39:03,520 ERROR JdbcUtils 39 getNewConnection - java.sql.SQLException: The url cannot be null
18 Mar 2025 16:39:03,521 TRACE JdbcUtils 55 getConnection - Exit
18 Mar 2025 16:39:52,798 INFO  CarsDBRepository 18 <init> - Initializing CarsDBRepository with properties: {jdbc=sqlite:/Users/stiubedenis/Desktop/Facultate/Faculty/Teme/An_2/Sem_2/mpp/teme-lab-denton1612/lab_3/cars.db} 
18 Mar 2025 16:39:52,803 TRACE CarsDBRepository 79 add - Enter saving task Id=0 Tesla Model S 2019
18 Mar 2025 16:39:52,804 TRACE JdbcUtils 46 getConnection - Enter
18 Mar 2025 16:39:52,804 TRACE JdbcUtils 23 getNewConnection - Enter
18 Mar 2025 16:39:52,804 INFO  JdbcUtils 28 getNewConnection - trying to connect to database ... null
18 Mar 2025 16:39:52,804 INFO  JdbcUtils 29 getNewConnection - user: null
18 Mar 2025 16:39:52,804 INFO  JdbcUtils 30 getNewConnection - pass: null
18 Mar 2025 16:39:52,805 ERROR JdbcUtils 39 getNewConnection - java.sql.SQLException: The url cannot be null
18 Mar 2025 16:39:52,805 TRACE JdbcUtils 55 getConnection - Exit
18 Mar 2025 16:41:48,446 INFO  CarsDBRepository 18 <init> - Initializing CarsDBRepository with properties: {jdbc.url=jdbc:sqlite:/Users/stiubedenis/Desktop/Facultate/Faculty/Teme/An_2/Sem_2/mpp/teme-lab-denton1612/lab_3/cars.db} 
18 Mar 2025 16:41:48,451 TRACE CarsDBRepository 79 add - Enter saving task Id=0 Tesla Model S 2019
18 Mar 2025 16:41:48,451 TRACE JdbcUtils 46 getConnection - Enter
18 Mar 2025 16:41:48,451 TRACE JdbcUtils 23 getNewConnection - Enter
18 Mar 2025 16:41:48,451 INFO  JdbcUtils 28 getNewConnection - trying to connect to database ... jdbc:sqlite:/Users/stiubedenis/Desktop/Facultate/Faculty/Teme/An_2/Sem_2/mpp/teme-lab-denton1612/lab_3/cars.db
18 Mar 2025 16:41:48,451 INFO  JdbcUtils 29 getNewConnection - user: null
18 Mar 2025 16:41:48,452 INFO  JdbcUtils 30 getNewConnection - pass: null
18 Mar 2025 16:41:48,693 TRACE JdbcUtils 55 getConnection - Exit with(org.sqlite.jdbc4.JDBC4Connection@2892dae4)
18 Mar 2025 16:41:48,697 TRACE CarsDBRepository 86 add - Saved 1 instances
18 Mar 2025 16:41:48,697 TRACE CarsDBRepository 92 add - Exit
18 Mar 2025 16:41:48,698 TRACE CarsDBRepository 114 findAll - Enter Find all cars
18 Mar 2025 16:41:48,698 TRACE JdbcUtils 46 getConnection - Enter
18 Mar 2025 16:41:48,698 TRACE JdbcUtils 55 getConnection - Exit with(org.sqlite.jdbc4.JDBC4Connection@2892dae4)
18 Mar 2025 16:41:48,699 TRACE CarsDBRepository 134 findAll - Exit with([Id=2 Mercedes E220 2012, Id=3 BMW M4 2021, Id=4 Tesla Model S 2019, Id=5 Tesla Model S 2019, Id=6 Tesla Model S 2019, Id=7 Tesla Model S 2019, Id=8 Tesla Model S 2019])
18 Mar 2025 16:41:48,700 TRACE CarsDBRepository 24 findByManufacturer - Find cars by manufacturer
18 Mar 2025 16:41:48,700 TRACE JdbcUtils 46 getConnection - Enter
18 Mar 2025 16:41:48,700 TRACE JdbcUtils 55 getConnection - Exit with(org.sqlite.jdbc4.JDBC4Connection@2892dae4)
18 Mar 2025 16:41:48,700 TRACE CarsDBRepository 45 findByManufacturer - Exit with([Id=4 Tesla Model S 2019, Id=5 Tesla Model S 2019, Id=6 Tesla Model S 2019, Id=7 Tesla Model S 2019, Id=8 Tesla Model S 2019])
18 Mar 2025 16:41:48,700 TRACE CarsDBRepository 140 findById - Enter Find car by id 2
18 Mar 2025 16:41:48,700 TRACE JdbcUtils 46 getConnection - Enter
18 Mar 2025 16:41:48,700 TRACE JdbcUtils 55 getConnection - Exit with(org.sqlite.jdbc4.JDBC4Connection@2892dae4)
18 Mar 2025 16:44:17,628 INFO  CarsDBRepository 18 <init> - Initializing CarsDBRepository with properties: {jdbc.url=jdbc:sqlite:/Users/stiubedenis/Desktop/Facultate/Faculty/Teme/An_2/Sem_2/mpp/teme-lab-denton1612/lab_3/cars.db} 
18 Mar 2025 16:44:17,634 TRACE CarsDBRepository 79 add - Enter saving task Id=0 Tesla Model S 2019
18 Mar 2025 16:44:17,634 TRACE JdbcUtils 46 getConnection - Enter
18 Mar 2025 16:44:17,634 TRACE JdbcUtils 23 getNewConnection - Enter
18 Mar 2025 16:44:17,634 INFO  JdbcUtils 28 getNewConnection - trying to connect to database ... jdbc:sqlite:/Users/stiubedenis/Desktop/Facultate/Faculty/Teme/An_2/Sem_2/mpp/teme-lab-denton1612/lab_3/cars.db
18 Mar 2025 16:44:17,634 INFO  JdbcUtils 29 getNewConnection - user: null
18 Mar 2025 16:44:17,634 INFO  JdbcUtils 30 getNewConnection - pass: null
18 Mar 2025 16:44:17,867 TRACE JdbcUtils 55 getConnection - Exit with(org.sqlite.jdbc4.JDBC4Connection@355ce81c)
18 Mar 2025 16:44:17,870 TRACE CarsDBRepository 86 add - Saved 1 instances
18 Mar 2025 16:44:17,871 TRACE CarsDBRepository 92 add - Exit
18 Mar 2025 16:44:17,871 TRACE CarsDBRepository 114 findAll - Enter Find all cars
18 Mar 2025 16:44:17,871 TRACE JdbcUtils 46 getConnection - Enter
18 Mar 2025 16:44:17,871 TRACE JdbcUtils 55 getConnection - Exit with(org.sqlite.jdbc4.JDBC4Connection@355ce81c)
18 Mar 2025 16:44:17,872 TRACE CarsDBRepository 134 findAll - Exit with([Id=2 Mercedes E220 2012, Id=3 BMW M4 2021, Id=4 Tesla Model S 2019, Id=5 Tesla Model S 2019, Id=6 Tesla Model S 2019, Id=7 Tesla Model S 2019, Id=8 Tesla Model S 2019, Id=9 Tesla Model S 2019])
18 Mar 2025 16:44:17,872 TRACE CarsDBRepository 24 findByManufacturer - Find cars by manufacturer
18 Mar 2025 16:44:17,872 TRACE JdbcUtils 46 getConnection - Enter
18 Mar 2025 16:44:17,872 TRACE JdbcUtils 55 getConnection - Exit with(org.sqlite.jdbc4.JDBC4Connection@355ce81c)
18 Mar 2025 16:44:17,873 TRACE CarsDBRepository 45 findByManufacturer - Exit with([Id=4 Tesla Model S 2019, Id=5 Tesla Model S 2019, Id=6 Tesla Model S 2019, Id=7 Tesla Model S 2019, Id=8 Tesla Model S 2019, Id=9 Tesla Model S 2019])
18 Mar 2025 16:44:17,873 TRACE CarsDBRepository 140 findById - Enter Find car by id 2
18 Mar 2025 16:44:17,873 TRACE JdbcUtils 46 getConnection - Enter
18 Mar 2025 16:44:17,873 TRACE JdbcUtils 55 getConnection - Exit with(org.sqlite.jdbc4.JDBC4Connection@355ce81c)
18 Mar 2025 16:44:17,873 TRACE CarsDBRepository 97 update - Enter updating task Id=2 Mercedes AMG 2012
18 Mar 2025 16:44:17,873 TRACE JdbcUtils 46 getConnection - Enter
18 Mar 2025 16:44:17,873 TRACE JdbcUtils 55 getConnection - Exit with(org.sqlite.jdbc4.JDBC4Connection@355ce81c)
18 Mar 2025 16:44:17,874 TRACE CarsDBRepository 103 update - Updated 1 instances
18 Mar 2025 16:44:17,874 TRACE CarsDBRepository 109 update - Exit
18 Mar 2025 16:44:17,874 TRACE CarsDBRepository 140 findById - Enter Find car by id 2
18 Mar 2025 16:44:17,874 TRACE JdbcUtils 46 getConnection - Enter
18 Mar 2025 16:44:17,874 TRACE JdbcUtils 55 getConnection - Exit with(org.sqlite.jdbc4.JDBC4Connection@355ce81c)
18 Mar 2025 17:19:58,557 INFO  CarsDBRepository 18 <init> - Initializing CarsDBRepository with properties: {jdbc.url=jdbc:sqlite:/Users/stiubedenis/Desktop/Facultate/Faculty/Teme/An_2/Sem_2/mpp/teme-lab-denton1612/lab_3/cars.db} 
18 Mar 2025 17:19:58,562 TRACE CarsDBRepository 79 add - Enter saving task Id=0 Tesla Model S 2019
18 Mar 2025 17:19:58,563 TRACE JdbcUtils 46 getConnection - Enter
18 Mar 2025 17:19:58,563 TRACE JdbcUtils 23 getNewConnection - Enter
18 Mar 2025 17:19:58,563 INFO  JdbcUtils 28 getNewConnection - trying to connect to database ... jdbc:sqlite:/Users/stiubedenis/Desktop/Facultate/Faculty/Teme/An_2/Sem_2/mpp/teme-lab-denton1612/lab_3/cars.db
18 Mar 2025 17:19:58,563 INFO  JdbcUtils 29 getNewConnection - user: null
18 Mar 2025 17:19:58,563 INFO  JdbcUtils 30 getNewConnection - pass: null
18 Mar 2025 17:19:58,809 TRACE JdbcUtils 55 getConnection - Exit with(org.sqlite.jdbc4.JDBC4Connection@5038d0b5)
18 Mar 2025 17:19:58,813 TRACE CarsDBRepository 86 add - Saved 1 instances
18 Mar 2025 17:19:58,813 TRACE CarsDBRepository 92 add - Exit
18 Mar 2025 17:19:58,814 TRACE CarsDBRepository 114 findAll - Enter Find all cars
18 Mar 2025 17:19:58,814 TRACE JdbcUtils 46 getConnection - Enter
18 Mar 2025 17:19:58,814 TRACE JdbcUtils 55 getConnection - Exit with(org.sqlite.jdbc4.JDBC4Connection@5038d0b5)
18 Mar 2025 17:19:58,817 TRACE CarsDBRepository 134 findAll - Exit with([Id=2 Mercedes AMG 2012, Id=3 BMW M4 2021, Id=4 Tesla Model S 2019, Id=5 Tesla Model S 2019, Id=6 Tesla Model S 2019, Id=7 Tesla Model S 2019, Id=8 Tesla Model S 2019, Id=9 Tesla Model S 2019, Id=10 Tesla Model S 2019])
18 Mar 2025 17:19:58,818 TRACE CarsDBRepository 24 findByManufacturer - Find cars by manufacturer
18 Mar 2025 17:19:58,818 TRACE JdbcUtils 46 getConnection - Enter
18 Mar 2025 17:19:58,818 TRACE JdbcUtils 55 getConnection - Exit with(org.sqlite.jdbc4.JDBC4Connection@5038d0b5)
18 Mar 2025 17:19:58,818 TRACE CarsDBRepository 45 findByManufacturer - Exit with([Id=4 Tesla Model S 2019, Id=5 Tesla Model S 2019, Id=6 Tesla Model S 2019, Id=7 Tesla Model S 2019, Id=8 Tesla Model S 2019, Id=9 Tesla Model S 2019, Id=10 Tesla Model S 2019])
18 Mar 2025 17:19:58,819 TRACE CarsDBRepository 140 findById - Enter Find car by id 2
18 Mar 2025 17:19:58,819 TRACE JdbcUtils 46 getConnection - Enter
18 Mar 2025 17:19:58,819 TRACE JdbcUtils 55 getConnection - Exit with(org.sqlite.jdbc4.JDBC4Connection@5038d0b5)
18 Mar 2025 17:19:58,820 TRACE CarsDBRepository 97 update - Enter updating task Id=2 Mercedes AMG 2012
18 Mar 2025 17:19:58,820 TRACE JdbcUtils 46 getConnection - Enter
18 Mar 2025 17:19:58,820 TRACE JdbcUtils 55 getConnection - Exit with(org.sqlite.jdbc4.JDBC4Connection@5038d0b5)
18 Mar 2025 17:19:58,820 TRACE CarsDBRepository 103 update - Updated 1 instances
18 Mar 2025 17:19:58,820 TRACE CarsDBRepository 109 update - Exit
18 Mar 2025 17:19:58,820 TRACE CarsDBRepository 140 findById - Enter Find car by id 2
18 Mar 2025 17:19:58,820 TRACE JdbcUtils 46 getConnection - Enter
18 Mar 2025 17:19:58,821 TRACE JdbcUtils 55 getConnection - Exit with(org.sqlite.jdbc4.JDBC4Connection@5038d0b5)
18 Mar 2025 17:20:12,360 INFO  CarsDBRepository 18 <init> - Initializing CarsDBRepository with properties: {jdbc.url=jdbc:sqlite:/Users/stiubedenis/Desktop/Facultate/Faculty/Teme/An_2/Sem_2/mpp/teme-lab-denton1612/lab_3/cars.db} 
18 Mar 2025 17:20:12,366 TRACE CarsDBRepository 79 add - Enter saving task Id=0 Tesla Model S 2019
18 Mar 2025 17:20:12,366 TRACE JdbcUtils 46 getConnection - Enter
18 Mar 2025 17:20:12,366 TRACE JdbcUtils 23 getNewConnection - Enter
18 Mar 2025 17:20:12,367 INFO  JdbcUtils 28 getNewConnection - trying to connect to database ... jdbc:sqlite:/Users/stiubedenis/Desktop/Facultate/Faculty/Teme/An_2/Sem_2/mpp/teme-lab-denton1612/lab_3/cars.db
18 Mar 2025 17:20:12,367 INFO  JdbcUtils 29 getNewConnection - user: null
18 Mar 2025 17:20:12,367 INFO  JdbcUtils 30 getNewConnection - pass: null
18 Mar 2025 17:20:12,607 TRACE JdbcUtils 55 getConnection - Exit with(org.sqlite.jdbc4.JDBC4Connection@5038d0b5)
18 Mar 2025 17:20:12,611 TRACE CarsDBRepository 86 add - Saved 1 instances
18 Mar 2025 17:20:12,611 TRACE CarsDBRepository 92 add - Exit
18 Mar 2025 17:20:12,611 TRACE CarsDBRepository 114 findAll - Enter Find all cars
18 Mar 2025 17:20:12,611 TRACE JdbcUtils 46 getConnection - Enter
18 Mar 2025 17:20:12,611 TRACE JdbcUtils 55 getConnection - Exit with(org.sqlite.jdbc4.JDBC4Connection@5038d0b5)
18 Mar 2025 17:20:12,613 TRACE CarsDBRepository 134 findAll - Exit with([Id=2 Mercedes AMG 2012, Id=3 BMW M4 2021, Id=4 Tesla Model S 2019, Id=5 Tesla Model S 2019, Id=6 Tesla Model S 2019, Id=7 Tesla Model S 2019, Id=8 Tesla Model S 2019, Id=9 Tesla Model S 2019, Id=10 Tesla Model S 2019, Id=11 Tesla Model S 2019])
18 Mar 2025 17:20:12,613 TRACE CarsDBRepository 24 findByManufacturer - Find cars by manufacturer
18 Mar 2025 17:20:12,613 TRACE JdbcUtils 46 getConnection - Enter
18 Mar 2025 17:20:12,613 TRACE JdbcUtils 55 getConnection - Exit with(org.sqlite.jdbc4.JDBC4Connection@5038d0b5)
18 Mar 2025 17:20:12,614 TRACE CarsDBRepository 45 findByManufacturer - Exit with([Id=4 Tesla Model S 2019, Id=5 Tesla Model S 2019, Id=6 Tesla Model S 2019, Id=7 Tesla Model S 2019, Id=8 Tesla Model S 2019, Id=9 Tesla Model S 2019, Id=10 Tesla Model S 2019, Id=11 Tesla Model S 2019])
18 Mar 2025 17:20:12,614 TRACE CarsDBRepository 140 findById - Enter Find car by id 2
18 Mar 2025 17:20:12,614 TRACE JdbcUtils 46 getConnection - Enter
18 Mar 2025 17:20:12,614 TRACE JdbcUtils 55 getConnection - Exit with(org.sqlite.jdbc4.JDBC4Connection@5038d0b5)
18 Mar 2025 17:20:12,614 TRACE CarsDBRepository 97 update - Enter updating task Id=2 Mercedes AMG 2012
18 Mar 2025 17:20:12,614 TRACE JdbcUtils 46 getConnection - Enter
18 Mar 2025 17:20:12,614 TRACE JdbcUtils 55 getConnection - Exit with(org.sqlite.jdbc4.JDBC4Connection@5038d0b5)
18 Mar 2025 17:20:12,615 TRACE CarsDBRepository 103 update - Updated 1 instances
18 Mar 2025 17:20:12,615 TRACE CarsDBRepository 109 update - Exit
18 Mar 2025 17:20:12,615 TRACE CarsDBRepository 140 findById - Enter Find car by id 2
18 Mar 2025 17:20:12,615 TRACE JdbcUtils 46 getConnection - Enter
18 Mar 2025 17:20:12,615 TRACE JdbcUtils 55 getConnection - Exit with(org.sqlite.jdbc4.JDBC4Connection@5038d0b5)
18 Mar 2025 17:22:51,863 INFO  CarsDBRepository 18 <init> - Initializing CarsDBRepository with properties: {jdbc.url=jdbc:sqlite:/Users/stiubedenis/Desktop/Facultate/Faculty/Teme/An_2/Sem_2/mpp/teme-lab-denton1612/lab_3/cars.db} 
18 Mar 2025 17:22:51,868 TRACE CarsDBRepository 79 add - Enter saving task Id=0 Tesla Model S 2019
18 Mar 2025 17:22:51,868 TRACE JdbcUtils 46 getConnection - Enter
18 Mar 2025 17:22:51,869 TRACE JdbcUtils 23 getNewConnection - Enter
18 Mar 2025 17:22:51,869 INFO  JdbcUtils 28 getNewConnection - trying to connect to database ... jdbc:sqlite:/Users/stiubedenis/Desktop/Facultate/Faculty/Teme/An_2/Sem_2/mpp/teme-lab-denton1612/lab_3/cars.db
18 Mar 2025 17:22:51,869 INFO  JdbcUtils 29 getNewConnection - user: null
18 Mar 2025 17:22:51,869 INFO  JdbcUtils 30 getNewConnection - pass: null
18 Mar 2025 17:22:52,152 TRACE JdbcUtils 55 getConnection - Exit with(org.sqlite.jdbc4.JDBC4Connection@5038d0b5)
18 Mar 2025 17:22:52,157 TRACE CarsDBRepository 86 add - Saved 1 instances
18 Mar 2025 17:22:52,157 TRACE CarsDBRepository 92 add - Exit
18 Mar 2025 17:22:52,158 TRACE CarsDBRepository 114 findAll - Enter Find all cars
18 Mar 2025 17:22:52,158 TRACE JdbcUtils 46 getConnection - Enter
18 Mar 2025 17:22:52,158 TRACE JdbcUtils 55 getConnection - Exit with(org.sqlite.jdbc4.JDBC4Connection@5038d0b5)
18 Mar 2025 17:22:52,161 TRACE CarsDBRepository 134 findAll - Exit with([Id=2 Mercedes AMG 2012, Id=3 BMW M4 2021, Id=4 Tesla Model S 2019, Id=5 Tesla Model S 2019, Id=6 Tesla Model S 2019, Id=7 Tesla Model S 2019, Id=8 Tesla Model S 2019, Id=9 Tesla Model S 2019, Id=10 Tesla Model S 2019, Id=11 Tesla Model S 2019, Id=12 Tesla Model S 2019])
18 Mar 2025 17:22:52,162 TRACE CarsDBRepository 24 findByManufacturer - Find cars by manufacturer
18 Mar 2025 17:22:52,162 TRACE JdbcUtils 46 getConnection - Enter
18 Mar 2025 17:22:52,162 TRACE JdbcUtils 55 getConnection - Exit with(org.sqlite.jdbc4.JDBC4Connection@5038d0b5)
18 Mar 2025 17:22:52,163 TRACE CarsDBRepository 45 findByManufacturer - Exit with([Id=4 Tesla Model S 2019, Id=5 Tesla Model S 2019, Id=6 Tesla Model S 2019, Id=7 Tesla Model S 2019, Id=8 Tesla Model S 2019, Id=9 Tesla Model S 2019, Id=10 Tesla Model S 2019, Id=11 Tesla Model S 2019, Id=12 Tesla Model S 2019])
18 Mar 2025 17:22:52,163 TRACE CarsDBRepository 140 findById - Enter Find car by id 2
18 Mar 2025 17:22:52,163 TRACE JdbcUtils 46 getConnection - Enter
18 Mar 2025 17:22:52,163 TRACE JdbcUtils 55 getConnection - Exit with(org.sqlite.jdbc4.JDBC4Connection@5038d0b5)
18 Mar 2025 17:22:52,164 TRACE CarsDBRepository 97 update - Enter updating task Id=2 Mercedes AMG 2012
18 Mar 2025 17:22:52,164 TRACE JdbcUtils 46 getConnection - Enter
18 Mar 2025 17:22:52,164 TRACE JdbcUtils 55 getConnection - Exit with(org.sqlite.jdbc4.JDBC4Connection@5038d0b5)
18 Mar 2025 17:22:52,164 TRACE CarsDBRepository 103 update - Updated 1 instances
18 Mar 2025 17:22:52,165 TRACE CarsDBRepository 109 update - Exit
18 Mar 2025 17:22:52,165 TRACE CarsDBRepository 140 findById - Enter Find car by id 2
18 Mar 2025 17:22:52,165 TRACE JdbcUtils 46 getConnection - Enter
18 Mar 2025 17:22:52,165 TRACE JdbcUtils 55 getConnection - Exit with(org.sqlite.jdbc4.JDBC4Connection@5038d0b5)
18 Mar 2025 17:22:58,286 INFO  CarsDBRepository 18 <init> - Initializing CarsDBRepository with properties: {jdbc.url=jdbc:sqlite:/Users/stiubedenis/Desktop/Facultate/Faculty/Teme/An_2/Sem_2/mpp/teme-lab-denton1612/lab_3/cars.db} 
18 Mar 2025 17:22:58,291 TRACE CarsDBRepository 79 add - Enter saving task Id=0 Tesla Model S 2019
18 Mar 2025 17:22:58,291 TRACE JdbcUtils 46 getConnection - Enter
18 Mar 2025 17:22:58,291 TRACE JdbcUtils 23 getNewConnection - Enter
18 Mar 2025 17:22:58,291 INFO  JdbcUtils 28 getNewConnection - trying to connect to database ... jdbc:sqlite:/Users/stiubedenis/Desktop/Facultate/Faculty/Teme/An_2/Sem_2/mpp/teme-lab-denton1612/lab_3/cars.db
18 Mar 2025 17:22:58,291 INFO  JdbcUtils 29 getNewConnection - user: null
18 Mar 2025 17:22:58,292 INFO  JdbcUtils 30 getNewConnection - pass: null
18 Mar 2025 17:22:58,536 TRACE JdbcUtils 55 getConnection - Exit with(org.sqlite.jdbc4.JDBC4Connection@5038d0b5)
18 Mar 2025 17:22:58,540 TRACE CarsDBRepository 86 add - Saved 1 instances
18 Mar 2025 17:22:58,540 TRACE CarsDBRepository 92 add - Exit
18 Mar 2025 17:22:58,541 TRACE CarsDBRepository 114 findAll - Enter Find all cars
18 Mar 2025 17:22:58,541 TRACE JdbcUtils 46 getConnection - Enter
18 Mar 2025 17:22:58,541 TRACE JdbcUtils 55 getConnection - Exit with(org.sqlite.jdbc4.JDBC4Connection@5038d0b5)
18 Mar 2025 17:22:58,543 TRACE CarsDBRepository 134 findAll - Exit with([Id=2 Mercedes AMG 2012, Id=3 BMW M4 2021, Id=4 Tesla Model S 2019, Id=5 Tesla Model S 2019, Id=6 Tesla Model S 2019, Id=7 Tesla Model S 2019, Id=8 Tesla Model S 2019, Id=9 Tesla Model S 2019, Id=10 Tesla Model S 2019, Id=11 Tesla Model S 2019, Id=12 Tesla Model S 2019, Id=13 Tesla Model S 2019])
18 Mar 2025 17:22:58,544 TRACE CarsDBRepository 24 findByManufacturer - Find cars by manufacturer
18 Mar 2025 17:22:58,544 TRACE JdbcUtils 46 getConnection - Enter
18 Mar 2025 17:22:58,544 TRACE JdbcUtils 55 getConnection - Exit with(org.sqlite.jdbc4.JDBC4Connection@5038d0b5)
18 Mar 2025 17:22:58,544 TRACE CarsDBRepository 45 findByManufacturer - Exit with([Id=4 Tesla Model S 2019, Id=5 Tesla Model S 2019, Id=6 Tesla Model S 2019, Id=7 Tesla Model S 2019, Id=8 Tesla Model S 2019, Id=9 Tesla Model S 2019, Id=10 Tesla Model S 2019, Id=11 Tesla Model S 2019, Id=12 Tesla Model S 2019, Id=13 Tesla Model S 2019])
18 Mar 2025 17:22:58,545 TRACE CarsDBRepository 140 findById - Enter Find car by id 2
18 Mar 2025 17:22:58,545 TRACE JdbcUtils 46 getConnection - Enter
18 Mar 2025 17:22:58,545 TRACE JdbcUtils 55 getConnection - Exit with(org.sqlite.jdbc4.JDBC4Connection@5038d0b5)
18 Mar 2025 17:22:58,545 TRACE CarsDBRepository 97 update - Enter updating task Id=2 Mercedes AMG 2012
18 Mar 2025 17:22:58,545 TRACE JdbcUtils 46 getConnection - Enter
18 Mar 2025 17:22:58,546 TRACE JdbcUtils 55 getConnection - Exit with(org.sqlite.jdbc4.JDBC4Connection@5038d0b5)
18 Mar 2025 17:22:58,546 TRACE CarsDBRepository 103 update - Updated 1 instances
18 Mar 2025 17:22:58,546 TRACE CarsDBRepository 109 update - Exit
18 Mar 2025 17:22:58,546 TRACE CarsDBRepository 140 findById - Enter Find car by id 2
18 Mar 2025 17:22:58,546 TRACE JdbcUtils 46 getConnection - Enter
18 Mar 2025 17:22:58,547 TRACE JdbcUtils 55 getConnection - Exit with(org.sqlite.jdbc4.JDBC4Connection@5038d0b5)
